12:57:05.073 [TestNG-tests-3] ERROR com.testcases.TC004_SearchEmployeeTest - Test case failed due to exception: Error communicating with the remote browser. It may have died.
Build info: version: '4.23.0', revision: '4df0a231af'
System info: os.name: 'Windows 10', os.arch: 'amd64', os.version: '10.0', java.version: '22.0.1'
Driver info: org.openqa.selenium.firefox.FirefoxDriver
Command: [543884c3-fb8f-46b3-b925-70955492e23f, sendKeysToElement [value, id]]
Capabilities {acceptInsecureCerts: true, browserName: firefox, browserVersion: 137.0.1, moz:accessibilityChecks: false, moz:buildID: 20250407111027, moz:debuggerAddress: 127.0.0.1:9830, moz:geckodriverVersion: 0.36.0, moz:headless: false, moz:platformVersion: 10.0, moz:processID: 11520, moz:profile: C:\Users\Win-10\AppData\Loc..., moz:shutdownTimeout: 60000, moz:webdriverClick: true, moz:windowless: false, pageLoadStrategy: normal, platformName: windows, proxy: Proxy(), se:cdp: ws://127.0.0.1:9830/devtool..., se:cdpVersion: 85.0, setWindowRect: true, strictFileInteractability: false, timeouts: {implicit: 0, pageLoad: 300000, script: 30000}, unhandledPromptBehavior: dismiss and notify, userAgent: Mozilla/5.0 (Windows NT 10....}
Element: [[FirefoxDriver: firefox on windows (543884c3-fb8f-46b3-b925-70955492e23f)] -> xpath: //input[@placeholder='Password']]
Session ID: 543884c3-fb8f-46b3-b925-70955492e23f
12:57:23.855 [TestNG-tests-2] INFO  com.testcases.TC003_PersonalDetailsTest - Initializing AI Agent for testing...
12:57:23.863 [TestNG-tests-2] INFO  com.testcases.TC003_PersonalDetailsTest - ****** START: TC003_PersonalDetailsTest ******
12:57:23.863 [TestNG-tests-2] INFO  com.testcases.TC003_PersonalDetailsTest - Step 1: Logging in to the system
12:57:33.843 [TestNG-tests-2] INFO  com.testcases.TC003_PersonalDetailsTest - Step 2: Adding Employee Details
12:57:49.598 [TestNG-tests-2] INFO  com.testcases.TC003_PersonalDetailsTest - Employee added successfully: Success
Successfully Saved
×
12:57:51.612 [TestNG-tests-2] INFO  com.testcases.TC003_PersonalDetailsTest - Step 3: Verifying Employee Profile Name
12:57:53.870 [TestNG-tests-2] INFO  com.testcases.TC003_PersonalDetailsTest - Employee Profile Name: Raoo Paoo
12:57:55.875 [TestNG-tests-2] INFO  com.testcases.TC003_PersonalDetailsTest - Step 4: Verifying Personal Details Section
12:57:57.958 [TestNG-tests-2] INFO  com.testcases.TC003_PersonalDetailsTest - Section: Personal Details
12:57:59.964 [TestNG-tests-2] INFO  com.testcases.TC003_PersonalDetailsTest - Step 5: Entering Employee Personal Details
12:58:43.968 [TestNG-tests-2] INFO  com.testcases.TC003_PersonalDetailsTest - Personal details entered successfully
12:58:45.972 [TestNG-tests-2] INFO  com.testcases.TC003_PersonalDetailsTest - Step 6: Verifying Custom Fields Section
12:58:46.031 [TestNG-tests-2] INFO  com.testcases.TC003_PersonalDetailsTest - Section: Custom Fields
12:58:52.519 [TestNG-tests-2] INFO  com.testcases.TC003_PersonalDetailsTest - Step 7: Verifying Attachments Section
12:58:52.574 [TestNG-tests-2] INFO  com.testcases.TC003_PersonalDetailsTest - Section: Attachments
12:58:54.585 [TestNG-tests-2] INFO  com.testcases.TC003_PersonalDetailsTest - Step 8: Clicking file upload buttons
12:58:56.917 [TestNG-tests-2] INFO  com.testcases.TC003_PersonalDetailsTest - ****** END: TC003_PersonalDetailsTest ******
13:06:38.694 [main] INFO  org.testng.internal.Utils - [TestNG] Running:
  D:\Teasting_Network\Project_OrangeHRM\mastergrouping.xml

13:06:48.410 [main] INFO  com.testcases.TC002_AddEmployeeTest - Initializing AI Agent for testing...
13:06:48.576 [main] INFO  com.testcases.TC002_AddEmployeeTest - ****** START: TC002_AddEmployeeTest ******
13:06:48.576 [main] INFO  com.testcases.TC002_AddEmployeeTest - Step 1: Navigating to Login Page
13:06:52.058 [main] INFO  com.testcases.TC002_AddEmployeeTest - Step 2: Navigating to PIM Module
13:06:56.430 [main] INFO  com.testcases.TC002_AddEmployeeTest - Step 3: Clicking on Add Employee Button
13:06:57.895 [main] INFO  com.testcases.TC002_AddEmployeeTest - Add Employee Page Displayed: YES
13:06:58.903 [main] INFO  com.testcases.TC002_AddEmployeeTest - Step 4: Entering Employee Details
13:07:03.382 [main] INFO  com.testcases.TC002_AddEmployeeTest - Step 5: Clicking Save Button
13:07:05.651 [main] INFO  com.testcases.TC002_AddEmployeeTest - ****** END: TC002_AddEmployeeTest ******
13:07:13.732 [main] INFO  com.testcases.TC004_SearchEmployeeTest - Initializing AI Agent for testing...
13:07:13.757 [main] INFO  com.testcases.TC004_SearchEmployeeTest - *** START TEST CASE: TC004_SearchEmployee ***
13:07:13.761 [main] INFO  com.testcases.TC004_SearchEmployeeTest - Step 1: Navigating to Login Page
13:07:22.218 [main] INFO  com.testcases.TC004_SearchEmployeeTest - Navigating to PIM section
13:07:26.974 [main] INFO  com.testcases.TC004_SearchEmployeeTest - Verifying Employee Information section
13:07:27.053 [main] INFO  com.testcases.TC004_SearchEmployeeTest - SECTION : Employee Information
