23:19:23.182 [main] INFO  org.testng.internal.Utils - [TestNG] Running:
  D:\Teasting_Network\Project_OrangeHRM\mastergrouping.xml

23:19:35.717 [main] INFO  com.testcases.TC005_DeleteEmployeeTest - ****** START: TC005_DeleteEmployeeTest ******
23:19:35.717 [main] INFO  com.testcases.TC005_DeleteEmployeeTest - Step 1: Navigating to Login Page
23:19:38.389 [main] INFO  com.testcases.TC005_DeleteEmployeeTest - Step 2: Navigating to PIM Module
23:19:40.398 [main] INFO  com.testcases.TC005_DeleteEmployeeTest - Step 2: Action on Delete Operation
23:19:41.667 [main] INFO  com.testcases.TC005_DeleteEmployeeTest - ****** END: TC005_DeleteEmployeeTest ******
23:22:44.424 [main] INFO  org.testng.internal.Utils - [TestNG] Running:
  D:\Teasting_Network\Project_OrangeHRM\mastergrouping.xml

23:22:52.703 [main] INFO  com.testcases.TC005_DeleteEmployeeTest - ****** START: TC005_DeleteEmployeeTest ******
23:22:52.704 [main] INFO  com.testcases.TC005_DeleteEmployeeTest - Step 1: Navigating to Login Page
23:22:55.354 [main] INFO  com.testcases.TC005_DeleteEmployeeTest - Step 2: Navigating to PIM Module
23:22:57.234 [main] INFO  com.testcases.TC005_DeleteEmployeeTest - Step 2: Action on Delete Operation
23:22:58.742 [main] INFO  com.testcases.TC005_DeleteEmployeeTest - ****** END: TC005_DeleteEmployeeTest ******
11:09:00.823 [main] INFO  org.testng.internal.Utils - [TestNG] Running:
  D:\Teasting_Network\Project_OrangeHRM\mastergrouping.xml

11:10:23.657 [main] INFO  com.testcases.TC002_AddEmployeeTest - ****** START: TC002_AddEmployeeTest ******
11:10:23.657 [main] INFO  com.testcases.TC002_AddEmployeeTest - Step 1: Navigating to Login Page
11:12:40.692 [main] INFO  org.testng.internal.Utils - [TestNG] Running:
  D:\Teasting_Network\Project_OrangeHRM\mastergrouping.xml

11:13:22.787 [main] INFO  com.testcases.TC002_AddEmployeeTest - ****** START: TC002_AddEmployeeTest ******
11:13:22.787 [main] INFO  com.testcases.TC002_AddEmployeeTest - Step 1: Navigating to Login Page
11:14:06.647 [main] INFO  org.testng.internal.Utils - [TestNG] Running:
  D:\Teasting_Network\Project_OrangeHRM\mastergrouping.xml

11:14:16.984 [main] INFO  com.testcases.TC001_LoginTest - *** START THE <-- TC001_LoginTest --> TEST ***
11:14:17.454 [main] INFO  com.testcases.TC001_LoginTest - *** PASS VALUES --> TEST ***
11:14:17.898 [main] INFO  com.testcases.TC001_LoginTest - *** DISPLAY ACCSEPTED PAGE --> TEST ***
11:14:43.751 [main] INFO  com.testcases.TC002_AddEmployeeTest - ****** START: TC002_AddEmployeeTest ******
11:14:43.751 [main] INFO  com.testcases.TC002_AddEmployeeTest - Step 1: Navigating to Login Page
11:14:54.186 [main] INFO  com.testcases.TC002_AddEmployeeTest - Step 2: Navigating to PIM Module
11:15:05.544 [main] INFO  com.testcases.TC002_AddEmployeeTest - Step 3: Clicking on Add Employee Button
11:15:08.572 [main] INFO  com.testcases.TC002_AddEmployeeTest - Add Employee Page Displayed: YES
11:15:09.575 [main] INFO  com.testcases.TC002_AddEmployeeTest - Step 4: Entering Employee Details
11:15:13.982 [main] INFO  com.testcases.TC002_AddEmployeeTest - Step 5: Clicking Save Button
11:15:16.989 [main] INFO  com.testcases.TC002_AddEmployeeTest - ****** END: TC002_AddEmployeeTest ******
11:15:42.456 [main] INFO  com.testcases.TC003_PersonalDetailsTest - ****** START: TC003_PersonalDetailsTest ******
11:15:42.456 [main] INFO  com.testcases.TC003_PersonalDetailsTest - Step 1: Logging in to the system
11:15:53.668 [main] INFO  com.testcases.TC003_PersonalDetailsTest - Step 2: Adding Employee Details
11:16:05.432 [main] INFO  com.testcases.TC003_PersonalDetailsTest - Employee added successfully: Success
Successfully Saved
×
11:16:07.442 [main] INFO  com.testcases.TC003_PersonalDetailsTest - Step 3: Verifying Employee Profile Name
11:16:13.694 [main] INFO  com.testcases.TC003_PersonalDetailsTest - Employee Profile Name: Raoo Paoo
11:16:15.696 [main] INFO  com.testcases.TC003_PersonalDetailsTest - Step 4: Verifying Personal Details Section
11:16:17.744 [main] INFO  com.testcases.TC003_PersonalDetailsTest - Section: Personal Details
11:16:19.749 [main] INFO  com.testcases.TC003_PersonalDetailsTest - Step 5: Entering Employee Personal Details
11:17:03.286 [main] INFO  com.testcases.TC003_PersonalDetailsTest - Personal details entered successfully
11:17:05.301 [main] INFO  com.testcases.TC003_PersonalDetailsTest - Step 6: Verifying Custom Fields Section
11:17:05.361 [main] INFO  com.testcases.TC003_PersonalDetailsTest - Section: Custom Fields
11:17:11.788 [main] INFO  com.testcases.TC003_PersonalDetailsTest - Step 7: Verifying Attachments Section
11:17:11.850 [main] INFO  com.testcases.TC003_PersonalDetailsTest - Section: Attachments
11:17:13.855 [main] INFO  com.testcases.TC003_PersonalDetailsTest - Step 8: Clicking file upload buttons
11:17:16.077 [main] INFO  com.testcases.TC003_PersonalDetailsTest - ****** END: TC003_PersonalDetailsTest ******
11:17:23.476 [main] INFO  com.testcases.TC004_SearchEmployeeTest - *** START TEST CASE: TC004_SearchEmployee ***
